{
  "stats": {
    "suites": 1,
    "tests": 3,
    "passes": 3,
    "pending": 0,
    "failures": 0,
    "start": "2024-10-31T01:23:32.927Z",
    "end": "2024-10-31T01:24:37.130Z",
    "duration": 64203,
    "testsRegistered": 3,
    "passPercent": 100,
    "pendingPercent": 0,
    "other": 0,
    "hasOther": false,
    "skipped": 0,
    "hasSkipped": false
  },
  "results": [
    {
      "uuid": "1d9de4c5-58f6-4588-ae0d-bdb69ad1fa24",
      "title": "",
      "fullFile": "cypress\\e2e\\test.feature",
      "file": "cypress\\e2e\\test.feature",
      "beforeHooks": [],
      "afterHooks": [],
      "tests": [],
      "suites": [
        {
          "uuid": "8bc8020b-cbcf-4e5b-bffa-a4da6301569c",
          "title": "Blusalt Assessment",
          "fullFile": "",
          "file": "",
          "beforeHooks": [],
          "afterHooks": [],
          "tests": [
            {
              "title": "Loan Account Creation",
              "fullTitle": "Blusalt Assessment Loan Account Creation",
              "timedOut": null,
              "duration": 15247,
              "state": "passed",
              "speed": "slow",
              "pass": true,
              "fail": false,
              "pending": false,
              "context": null,
              "code": "const state = window.testState;\nreturn cy\n  .then(() => state.onStartScenario(scenario, indexedSteps))\n  .then(() =>\n    resolveAndRunBeforeHooks.call(this, scenario.tags, state.feature.name)\n  )\n  .then(() =>\n    indexedSteps.forEach((step) =>\n      stepTest.call(this, state, step, rowData)\n    )\n  )\n  .then(() => state.onFinishScenario(scenario));",
              "err": {},
              "uuid": "198d81e7-8040-49c0-8714-ee6221bcedd3",
              "parentUUID": "8bc8020b-cbcf-4e5b-bffa-a4da6301569c",
              "isHook": false,
              "skipped": false
            },
            {
              "title": "Approving a loan",
              "fullTitle": "Blusalt Assessment Approving a loan",
              "timedOut": null,
              "duration": 23844,
              "state": "passed",
              "speed": "slow",
              "pass": true,
              "fail": false,
              "pending": false,
              "context": null,
              "code": "const state = window.testState;\nreturn cy\n  .then(() => state.onStartScenario(scenario, indexedSteps))\n  .then(() =>\n    resolveAndRunBeforeHooks.call(this, scenario.tags, state.feature.name)\n  )\n  .then(() =>\n    indexedSteps.forEach((step) =>\n      stepTest.call(this, state, step, rowData)\n    )\n  )\n  .then(() => state.onFinishScenario(scenario));",
              "err": {},
              "uuid": "d8f2b83c-7a1a-4c84-82b2-18016dde6909",
              "parentUUID": "8bc8020b-cbcf-4e5b-bffa-a4da6301569c",
              "isHook": false,
              "skipped": false
            },
            {
              "title": "Loan Repayment",
              "fullTitle": "Blusalt Assessment Loan Repayment",
              "timedOut": null,
              "duration": 24884,
              "state": "passed",
              "speed": "slow",
              "pass": true,
              "fail": false,
              "pending": false,
              "context": null,
              "code": "const state = window.testState;\nreturn cy\n  .then(() => state.onStartScenario(scenario, indexedSteps))\n  .then(() =>\n    resolveAndRunBeforeHooks.call(this, scenario.tags, state.feature.name)\n  )\n  .then(() =>\n    indexedSteps.forEach((step) =>\n      stepTest.call(this, state, step, rowData)\n    )\n  )\n  .then(() => state.onFinishScenario(scenario));",
              "err": {},
              "uuid": "b913867c-fb1d-4162-b79a-74bb4922f828",
              "parentUUID": "8bc8020b-cbcf-4e5b-bffa-a4da6301569c",
              "isHook": false,
              "skipped": false
            }
          ],
          "suites": [],
          "passes": [
            "198d81e7-8040-49c0-8714-ee6221bcedd3",
            "d8f2b83c-7a1a-4c84-82b2-18016dde6909",
            "b913867c-fb1d-4162-b79a-74bb4922f828"
          ],
          "failures": [],
          "pending": [],
          "skipped": [],
          "duration": 63975,
          "root": false,
          "rootEmpty": false,
          "_timeout": 2000
        }
      ],
      "passes": [],
      "failures": [],
      "pending": [],
      "skipped": [],
      "duration": 0,
      "root": true,
      "rootEmpty": true,
      "_timeout": 2000
    }
  ],
  "meta": {
    "mocha": {
      "version": "7.0.1"
    },
    "mochawesome": {
      "options": {
        "quiet": false,
        "reportFilename": "mochawesome",
        "saveHtml": true,
        "saveJson": true,
        "consoleReporter": "spec",
        "useInlineDiffs": false,
        "code": true
      },
      "version": "7.1.3"
    },
    "marge": {
      "options": {
        "charts": true,
        "overwrite": true,
        "html": true,
        "json": true,
        "reportDir": "cypress/report"
      },
      "version": "6.2.0"
    }
  }
}